# JRE version: Java(TM) SE Runtime Environment (8.0_72-b05) (build 1.8.0_72-ea-b05)
# Java VM: Java HotSpot(TM) 64-Bit Server VM (25.72-b05 mixed mode bsd-amd64 compressed oops)
Heap:
 PSYoungGen      total 22016K, used 6297K [0x00000007aab00000, 0x00000007ac680000, 0x00000007c0000000)
  eden space 15872K, 38% used [0x00000007aab00000,0x00000007ab0f64b0,0x00000007aba80000)
  from space 6144K, 3% used [0x00000007ac080000,0x00000007ac0b0000,0x00000007ac680000)
  to   space 6144K, 0% used [0x00000007aba80000,0x00000007aba80000,0x00000007ac080000)
 ParOldGen       total 44032K, used 5950K [0x0000000780000000, 0x0000000782b00000, 0x00000007aab00000)
  object space 44032K, 13% used [0x0000000780000000,0x00000007805cfbc0,0x0000000782b00000)
 Metaspace       used 10075K, capacity 10209K, committed 10368K, reserved 1058816K
  class space    used 1020K, capacity 1087K, committed 1152K, reserved 1048576K
GC Heap History (10 events):
Event: 33.403 GC heap before
{Heap before GC invocations=6 (full 0):
 PSYoungGen      total 18944K, used 18936K [0x00000007aab00000, 0x00000007ac600000, 0x00000007c0000000)
  eden space 16384K, 100% used [0x00000007aab00000,0x00000007abb00000,0x00000007abb00000)
  from space 2560K, 99% used [0x00000007abb00000,0x00000007abd7e158,0x00000007abd80000)
  to   space 5632K, 0% used [0x00000007ac080000,0x00000007ac080000,0x00000007ac600000)
 ParOldGen       total 44032K, used 3392K [0x0000000780000000, 0x0000000782b00000, 0x00000007aab00000)
  object space 44032K, 7% used [0x0000000780000000,0x0000000780350168,0x0000000782b00000)
 Metaspace       used 10061K, capacity 10209K, committed 10368K, reserved 1058816K
  class space    used 1020K, capacity 1087K, committed 1152K, reserved 1048576K
Event: 33.412 GC heap after
Heap after GC invocations=6 (full 0):
 PSYoungGen      total 22016K, used 2680K [0x00000007aab00000, 0x00000007ac600000, 0x00000007c0000000)
  eden space 16384K, 0% used [0x00000007aab00000,0x00000007aab00000,0x00000007abb00000)
  from space 5632K, 47% used [0x00000007ac080000,0x00000007ac31e158,0x00000007ac600000)
  to   space 5632K, 0% used [0x00000007abb00000,0x00000007abb00000,0x00000007ac080000)
 ParOldGen       total 44032K, used 3400K [0x0000000780000000, 0x0000000782b00000, 0x00000007aab00000)
  object space 44032K, 7% used [0x0000000780000000,0x0000000780352168,0x0000000782b00000)
 Metaspace       used 10061K, capacity 10209K, committed 10368K, reserved 1058816K
  class space    used 1020K, capacity 1087K, committed 1152K, reserved 1048576K
}
Event: 38.252 GC heap before
{Heap before GC invocations=7 (full 0):
 PSYoungGen      total 22016K, used 19064K [0x00000007aab00000, 0x00000007ac600000, 0x00000007c0000000)
  eden space 16384K, 100% used [0x00000007aab00000,0x00000007abb00000,0x00000007abb00000)
  from space 5632K, 47% used [0x00000007ac080000,0x00000007ac31e158,0x00000007ac600000)
  to   space 5632K, 0% used [0x00000007abb00000,0x00000007abb00000,0x00000007ac080000)
 ParOldGen       total 44032K, used 3400K [0x0000000780000000, 0x0000000782b00000, 0x00000007aab00000)
  object space 44032K, 7% used [0x0000000780000000,0x0000000780352168,0x0000000782b00000)
 Metaspace       used 10061K, capacity 10209K, committed 10368K, reserved 1058816K
  class space    used 1020K, capacity 1087K, committed 1152K, reserved 1048576K
Event: 38.259 GC heap after
Heap after GC invocations=7 (full 0):
 PSYoungGen      total 22016K, used 192K [0x00000007aab00000, 0x00000007ac600000, 0x00000007c0000000)
  eden space 16384K, 0% used [0x00000007aab00000,0x00000007aab00000,0x00000007abb00000)
  from space 5632K, 3% used [0x00000007abb00000,0x00000007abb30000,0x00000007ac080000)
  to   space 5632K, 0% used [0x00000007ac080000,0x00000007ac080000,0x00000007ac600000)
 ParOldGen       total 44032K, used 5886K [0x0000000780000000, 0x0000000782b00000, 0x00000007aab00000)
  object space 44032K, 13% used [0x0000000780000000,0x00000007805bfbc0,0x0000000782b00000)
 Metaspace       used 10061K, capacity 10209K, committed 10368K, reserved 1058816K
  class space    used 1020K, capacity 1087K, committed 1152K, reserved 1048576K
}
Event: 43.203 GC heap before
{Heap before GC invocations=8 (full 0):
 PSYoungGen      total 22016K, used 16576K [0x00000007aab00000, 0x00000007ac600000, 0x00000007c0000000)
  eden space 16384K, 100% used [0x00000007aab00000,0x00000007abb00000,0x00000007abb00000)
  from space 5632K, 3% used [0x00000007abb00000,0x00000007abb30000,0x00000007ac080000)
  to   space 5632K, 0% used [0x00000007ac080000,0x00000007ac080000,0x00000007ac600000)
 ParOldGen       total 44032K, used 5886K [0x0000000780000000, 0x0000000782b00000, 0x00000007aab00000)
  object space 44032K, 13% used [0x0000000780000000,0x00000007805bfbc0,0x0000000782b00000)
 Metaspace       used 10063K, capacity 10209K, committed 10368K, reserved 1058816K
  class space    used 1020K, capacity 1087K, committed 1152K, reserved 1048576K
Event: 43.205 GC heap after
Heap after GC invocations=8 (full 0):
 PSYoungGen      total 21504K, used 192K [0x00000007aab00000, 0x00000007ac700000, 0x00000007c0000000)
  eden space 15872K, 0% used [0x00000007aab00000,0x00000007aab00000,0x00000007aba80000)
  from space 5632K, 3% used [0x00000007ac080000,0x00000007ac0b0000,0x00000007ac600000)
  to   space 6144K, 0% used [0x00000007aba80000,0x00000007aba80000,0x00000007ac080000)
 ParOldGen       total 44032K, used 5910K [0x0000000780000000, 0x0000000782b00000, 0x00000007aab00000)
  object space 44032K, 13% used [0x0000000780000000,0x00000007805c5bc0,0x0000000782b00000)
 Metaspace       used 10063K, capacity 10209K, committed 10368K, reserved 1058816K
  class space    used 1020K, capacity 1087K, committed 1152K, reserved 1048576K
}
Event: 48.235 GC heap before
{Heap before GC invocations=9 (full 0):
 PSYoungGen      total 21504K, used 16064K [0x00000007aab00000, 0x00000007ac700000, 0x00000007c0000000)
  eden space 15872K, 100% used [0x00000007aab00000,0x00000007aba80000,0x00000007aba80000)
  from space 5632K, 3% used [0x00000007ac080000,0x00000007ac0b0000,0x00000007ac600000)
  to   space 6144K, 0% used [0x00000007aba80000,0x00000007aba80000,0x00000007ac080000)
 ParOldGen       total 44032K, used 5910K [0x0000000780000000, 0x0000000782b00000, 0x00000007aab00000)
  object space 44032K, 13% used [0x0000000780000000,0x00000007805c5bc0,0x0000000782b00000)
 Metaspace       used 10064K, capacity 10209K, committed 10368K, reserved 1058816K
  class space    used 1020K, capacity 1087K, committed 1152K, reserved 1048576K
Event: 48.236 GC heap after
Heap after GC invocations=9 (full 0):
 PSYoungGen      total 22016K, used 192K [0x00000007aab00000, 0x00000007ac680000, 0x00000007c0000000)
  eden space 15872K, 0% used [0x00000007aab00000,0x00000007aab00000,0x00000007aba80000)
  from space 6144K, 3% used [0x00000007aba80000,0x00000007abab0000,0x00000007ac080000)
  to   space 6144K, 0% used [0x00000007ac080000,0x00000007ac080000,0x00000007ac680000)
 ParOldGen       total 44032K, used 5934K [0x0000000780000000, 0x0000000782b00000, 0x00000007aab00000)
  object space 44032K, 13% used [0x0000000780000000,0x00000007805cbbc0,0x0000000782b00000)
 Metaspace       used 10064K, capacity 10209K, committed 10368K, reserved 1058816K
  class space    used 1020K, capacity 1087K, committed 1152K, reserved 1048576K
}
Event: 53.270 GC heap before
{Heap before GC invocations=10 (full 0):
 PSYoungGen      total 22016K, used 16064K [0x00000007aab00000, 0x00000007ac680000, 0x00000007c0000000)
  eden space 15872K, 100% used [0x00000007aab00000,0x00000007aba80000,0x00000007aba80000)
  from space 6144K, 3% used [0x00000007aba80000,0x00000007abab0000,0x00000007ac080000)
  to   space 6144K, 0% used [0x00000007ac080000,0x00000007ac080000,0x00000007ac680000)
 ParOldGen       total 44032K, used 5934K [0x0000000780000000, 0x0000000782b00000, 0x00000007aab00000)
  object space 44032K, 13% used [0x0000000780000000,0x00000007805cbbc0,0x0000000782b00000)
 Metaspace       used 10069K, capacity 10209K, committed 10368K, reserved 1058816K
  class space    used 1020K, capacity 1087K, committed 1152K, reserved 1048576K
Event: 53.272 GC heap after
Heap after GC invocations=10 (full 0):
 PSYoungGen      total 22016K, used 192K [0x00000007aab00000, 0x00000007ac680000, 0x00000007c0000000)
  eden space 15872K, 0% used [0x00000007aab00000,0x00000007aab00000,0x00000007aba80000)
  from space 6144K, 3% used [0x00000007ac080000,0x00000007ac0b0000,0x00000007ac680000)
  to   space 6144K, 0% used [0x00000007aba80000,0x00000007aba80000,0x00000007ac080000)
 ParOldGen       total 44032K, used 5950K [0x0000000780000000, 0x0000000782b00000, 0x00000007aab00000)
  object space 44032K, 13% used [0x0000000780000000,0x00000007805cfbc0,0x0000000782b00000)
 Metaspace       used 10069K, capacity 10209K, committed 10368K, reserved 1058816K
  class space    used 1020K, capacity 1087K, committed 1152K, reserved 1048576K
}

